<?xml version="1.0" encoding="UTF-8"?>
<testng-results skipped="0" failed="0" ignored="0" total="1" passed="1">
  <reporter-output>
  </reporter-output>
  <suite name="Command line suite" duration-ms="201" started-at="2020-03-19T21:41:58 IST" finished-at="2020-03-19T21:41:58 IST">
    <groups>
    </groups>
    <test name="Command line test" duration-ms="201" started-at="2020-03-19T21:41:58 IST" finished-at="2020-03-19T21:41:58 IST">
      <class name="org.virtual.selenium.newdemo.AppTest">
        <test-method status="PASS" signature="testApp()" name="testApp" duration-ms="8" started-at="2020-03-19T21:41:58 IST" finished-at="2020-03-19T21:41:58 IST">
          <reporter-output>
          </reporter-output>
        </test-method> <!-- testApp -->
      </class> <!-- org.virtual.selenium.newdemo.AppTest -->
    </test> <!-- Command line test -->
  </suite> <!-- Command line suite -->
</testng-results>
